This is pdfTeX, Version 3.1415926-2.5-1.40.14 (TeX Live 2013) (format=pdflatex 2013.5.30)  9 OCT 2015 08:54
entering extended mode
 restricted \write18 enabled.
 file:line:error style messages enabled.
 %&-line parsing enabled.
**SigClust28Sept15.tex
(./SigClust28Sept15.tex
LaTeX2e <2011/06/27>
Babel <3.9f> and hyphenation patterns for 78 languages loaded.
(/usr/local/texlive/2013/texmf-dist/tex/latex/base/article.cls
Document Class: article 2007/10/19 v1.4h Standard LaTeX document class
(/usr/local/texlive/2013/texmf-dist/tex/latex/base/size10.clo
File: size10.clo 2007/10/19 v1.4h Standard LaTeX file (size option)
)
\c@part=\count79
\c@section=\count80
\c@subsection=\count81
\c@subsubsection=\count82
\c@paragraph=\count83
\c@subparagraph=\count84
\c@figure=\count85
\c@table=\count86
\abovecaptionskip=\skip41
\belowcaptionskip=\skip42
\bibindent=\dimen102
)
(/usr/local/texlive/2013/texmf-dist/tex/latex/biblatex/biblatex.sty
Package: biblatex 2013/05/01 v2.6 programmable bibliographies (PK/JW/AB)

(/usr/local/texlive/2013/texmf-dist/tex/latex/biblatex/biblatex1.sty
Package: biblatex1 2013/05/01 v2.6 programmable bibliographies (bibtex) (PK/JW/
AB)

(/usr/local/texlive/2013/texmf-dist/tex/latex/etoolbox/etoolbox.sty
Package: etoolbox 2011/01/03 v2.1 e-TeX tools for LaTeX

(/usr/local/texlive/2013/texmf-dist/tex/latex/etex-pkg/etex.sty
Package: etex 1998/03/26 v2.0 eTeX basic definition package (PEB)
\et@xins=\count87
)
\etb@tempcnta=\count88
)
(/usr/local/texlive/2013/texmf-dist/tex/latex/graphics/keyval.sty
Package: keyval 1999/03/16 v1.13 key=value parser (DPC)
\KV@toks@=\toks14
)
(/usr/local/texlive/2013/texmf-dist/tex/latex/logreq/logreq.sty
Package: logreq 2010/08/04 v1.0 xml request logger
\lrq@indent=\count89

(/usr/local/texlive/2013/texmf-dist/tex/latex/logreq/logreq.def
File: logreq.def 2010/08/04 v1.0 logreq spec v1.0
))
(/usr/local/texlive/2013/texmf-dist/tex/latex/base/ifthen.sty
Package: ifthen 2001/05/26 v1.1c Standard LaTeX ifthen package (DPC)
)
(/usr/local/texlive/2013/texmf-dist/tex/latex/url/url.sty
\Urlmuskip=\muskip10
Package: url 2006/04/12  ver 3.3  Verb mode for urls, etc.
)
\c@tabx@nest=\count90
\c@listtotal=\count91
\c@listcount=\count92
\c@liststart=\count93
\c@liststop=\count94
\c@citecount=\count95
\c@citetotal=\count96
\c@multicitecount=\count97
\c@multicitetotal=\count98
\c@instcount=\count99
\c@maxnames=\count100
\c@minnames=\count101
\c@maxitems=\count102
\c@minitems=\count103
\c@citecounter=\count104
\c@savedcitecounter=\count105
\c@uniquelist=\count106
\c@uniquename=\count107
\c@refsection=\count108
\c@refsegment=\count109
\c@maxextrayear=\count110
\c@maxextraalpha=\count111
\c@abbrvpenalty=\count112
\c@highnamepenalty=\count113
\c@lownamepenalty=\count114
\c@maxparens=\count115
\c@parenlevel=\count116
\blx@tempcnta=\count117
\blx@tempcntb=\count118
\blx@tempcntc=\count119
\blx@maxsection=\count120
\blx@maxsegment=\count121
\blx@notetype=\count122
\blx@parenlevel@text=\count123
\blx@parenlevel@foot=\count124
\labelnumberwidth=\skip43
\labelalphawidth=\skip44
\shorthandwidth=\skip45
\biblabelsep=\skip46
\bibitemsep=\skip47
\bibnamesep=\skip48
\bibinitsep=\skip49
\bibparsep=\skip50
\bibhang=\skip51
\blx@auxin=\read1
\blx@auxout=\write3
\c@mincomprange=\count125
\c@maxcomprange=\count126
\c@mincompwidth=\count127
\c@labelname=\count128
\c@savedlabelname=\count129
\c@author=\count130
\c@savedauthor=\count131
\c@shortauthor=\count132
\c@savedshortauthor=\count133
\c@editor=\count134
\c@savededitor=\count135
\c@editora=\count136
\c@savededitora=\count137
\c@editorb=\count138
\c@savededitorb=\count139
\c@editorc=\count140
\c@savededitorc=\count141
\c@shorteditor=\count142
\c@savedshorteditor=\count143
\c@bookauthor=\count144
\c@savedbookauthor=\count145
\c@translator=\count146
\c@savedtranslator=\count147
\c@annotator=\count148
\c@savedannotator=\count149
\c@commentator=\count150
\c@savedcommentator=\count151
\c@introduction=\count152
\c@savedintroduction=\count153
\c@foreword=\count154
\c@savedforeword=\count155
\c@afterword=\count156
\c@savedafterword=\count157
\c@holder=\count158
\c@savedholder=\count159
\c@namea=\count160
\c@savednamea=\count161
\c@nameb=\count162
\c@savednameb=\count163
\c@namec=\count164
\c@savednamec=\count165
\c@institution=\count166
\c@savedinstitution=\count167
\c@language=\count168
\c@savedlanguage=\count169
\c@location=\count170
\c@savedlocation=\count171
\c@organization=\count172
\c@savedorganization=\count173
\c@origlocation=\count174
\c@savedoriglocation=\count175
\c@origpublisher=\count176
\c@savedorigpublisher=\count177
\c@pageref=\count178
\c@savedpageref=\count179
\c@publisher=\count180
\c@savedpublisher=\count181
\c@lista=\count182
\c@savedlista=\count183
\c@listb=\count184
\c@savedlistb=\count185
\c@listc=\count186
\c@savedlistc=\count187
\c@listd=\count188
\c@savedlistd=\count189
\c@liste=\count190
\c@savedliste=\count191
\c@listf=\count192
\c@savedlistf=\count193
Package biblatex Info: Trying to load compatibility code...
Package biblatex Info: ... file 'blx-compat.def' found.

(/usr/local/texlive/2013/texmf-dist/tex/latex/biblatex/blx-compat.def
File: blx-compat.def 2013/05/01 v2.6 biblatex compatibility (PK/JW/AB)
)
Package biblatex Info: Trying to load generic definitions...
Package biblatex Info: ... file 'biblatex.def' found.

(/usr/local/texlive/2013/texmf-dist/tex/latex/biblatex/biblatex.def
File: biblatex.def 
\c@biburlnumpenalty=\count194
\c@biburlucpenalty=\count195
\c@biburllcpenalty=\count196
\c@smartand=\count197
)
Package biblatex Info: Trying to load bibliography style 'numeric'...
Package biblatex Info: ... file 'numeric.bbx' found.

(/usr/local/texlive/2013/texmf-dist/tex/latex/biblatex/bbx/numeric.bbx
File: numeric.bbx 2013/05/01 v2.6 biblatex bibliography style (PK/JW/AB)
Package biblatex Info: Trying to load bibliography style 'standard'...
Package biblatex Info: ... file 'standard.bbx' found.

(/usr/local/texlive/2013/texmf-dist/tex/latex/biblatex/bbx/standard.bbx
File: standard.bbx 2013/05/01 v2.6 biblatex bibliography style (PK/JW/AB)
\c@bbx:relatedcount=\count198
\c@bbx:relatedtotal=\count199
))
Package biblatex Info: Trying to load citation style 'numeric'...
Package biblatex Info: ... file 'numeric.cbx' found.

(/usr/local/texlive/2013/texmf-dist/tex/latex/biblatex/cbx/numeric.cbx
File: numeric.cbx 2013/05/01 v2.6 biblatex citation style (PK/JW/AB)
Package biblatex Info: Redefining '\cite'.
Package biblatex Info: Redefining '\parencite'.
Package biblatex Info: Redefining '\footcite'.
Package biblatex Info: Redefining '\footcitetext'.
Package biblatex Info: Redefining '\smartcite'.
Package biblatex Info: Redefining '\textcite'.
Package biblatex Info: Redefining '\supercite'.
Package biblatex Info: Redefining '\cites'.
Package biblatex Info: Redefining '\parencites'.
Package biblatex Info: Redefining '\smartcites'.
)
Package biblatex Info: Trying to load configuration file...
Package biblatex Info: ... file 'biblatex.cfg' found.

(/usr/local/texlive/2013/texmf-dist/tex/latex/biblatex/biblatex.cfg
File: biblatex.cfg 
)))
(/usr/local/texlive/2013/texmf-dist/tex/latex/amsfonts/amsfonts.sty
Package: amsfonts 2013/01/14 v3.01 Basic AMSFonts support
\@emptytoks=\toks15
\symAMSa=\mathgroup4
\symAMSb=\mathgroup5
LaTeX Font Info:    Overwriting math alphabet `\mathfrak' in version `bold'
(Font)                  U/euf/m/n --> U/euf/b/n on input line 106.
)
(/usr/local/texlive/2013/texmf-dist/tex/latex/amsfonts/amssymb.sty
Package: amssymb 2013/01/14 v3.01 AMS font symbols
)
(/usr/local/texlive/2013/texmf-dist/tex/latex/amsmath/amsmath.sty
Package: amsmath 2013/01/14 v2.14 AMS math features
\@mathmargin=\skip52

For additional information on amsmath, use the `?' option.
(/usr/local/texlive/2013/texmf-dist/tex/latex/amsmath/amstext.sty
Package: amstext 2000/06/29 v2.01

(/usr/local/texlive/2013/texmf-dist/tex/latex/amsmath/amsgen.sty
File: amsgen.sty 1999/11/30 v2.0
\@emptytoks=\toks16
\ex@=\dimen103
))
(/usr/local/texlive/2013/texmf-dist/tex/latex/amsmath/amsbsy.sty
Package: amsbsy 1999/11/29 v1.2d
\pmbraise@=\dimen104
)
(/usr/local/texlive/2013/texmf-dist/tex/latex/amsmath/amsopn.sty
Package: amsopn 1999/12/14 v2.01 operator names
)
\inf@bad=\count200
LaTeX Info: Redefining \frac on input line 210.
\uproot@=\count201
\leftroot@=\count202
LaTeX Info: Redefining \overline on input line 306.
\classnum@=\count203
\DOTSCASE@=\count204
LaTeX Info: Redefining \ldots on input line 378.
LaTeX Info: Redefining \dots on input line 381.
LaTeX Info: Redefining \cdots on input line 466.
\Mathstrutbox@=\box26
\strutbox@=\box27
\big@size=\dimen105
LaTeX Font Info:    Redeclaring font encoding OML on input line 566.
LaTeX Font Info:    Redeclaring font encoding OMS on input line 567.
\macc@depth=\count205
\c@MaxMatrixCols=\count206
\dotsspace@=\muskip11
\c@parentequation=\count207
\dspbrk@lvl=\count208
\tag@help=\toks17
\row@=\count209
\column@=\count210
\maxfields@=\count211
\andhelp@=\toks18
\eqnshift@=\dimen106
\alignsep@=\dimen107
\tagshift@=\dimen108
\tagwidth@=\dimen109
\totwidth@=\dimen110
\lineht@=\dimen111
\@envbody=\toks19
\multlinegap=\skip53
\multlinetaggap=\skip54
\mathdisplay@stack=\toks20
LaTeX Info: Redefining \[ on input line 2665.
LaTeX Info: Redefining \] on input line 2666.
)
(/usr/local/texlive/2013/texmf-dist/tex/latex/amscls/amsthm.sty
Package: amsthm 2004/08/06 v2.20
\thm@style=\toks21
\thm@bodyfont=\toks22
\thm@headfont=\toks23
\thm@notefont=\toks24
\thm@headpunct=\toks25
\thm@preskip=\skip55
\thm@postskip=\skip56
\thm@headsep=\skip57
\dth@everypar=\toks26
)
(/usr/local/texlive/2013/texmf-dist/tex/generic/xypic/xy.sty
(/usr/local/texlive/2013/texmf-dist/tex/generic/xypic/xy.tex Bootstrap'ing:
catcodes, docmode,
(/usr/local/texlive/2013/texmf-dist/tex/generic/xypic/xyrecat.tex)
(/usr/local/texlive/2013/texmf-dist/tex/generic/xypic/xyidioms.tex)

 Xy-pic version 3.8.8 <2012/05/24>
 Copyright (c) 1991-2011 by Kristoffer H. Rose <krisrose@tug.org>
 Xy-pic is free software: see the User's Guide for details.

Loading kernel: messages; fonts; allocations: state,
\X@c=\dimen112
\Y@c=\dimen113
\U@c=\dimen114
\D@c=\dimen115
\L@c=\dimen116
\R@c=\dimen117
\Edge@c=\toks27
\X@p=\dimen118
\Y@p=\dimen119
\U@p=\dimen120
\D@p=\dimen121
\L@p=\dimen122
\R@p=\dimen123
\Edge@p=\toks28
\X@origin=\dimen124
\Y@origin=\dimen125
\X@xbase=\dimen126
\Y@xbase=\dimen127
\X@ybase=\dimen128
\Y@ybase=\dimen129
\X@min=\dimen130
\Y@min=\dimen131
\X@max=\dimen132
\Y@max=\dimen133
\lastobjectbox@=\box28
\zerodotbox@=\box29
\almostz@=\dimen134
 direction,
\d@X=\dimen135
\d@Y=\dimen136
\K@=\count212
\KK@=\count213
\Direction=\count214
\K@dXdY=\dimen137
\K@dYdX=\dimen138
\xyread@=\read2
\xywrite@=\write4
\csp@=\count215
\quotPTK@=\dimen139

utility macros; pictures: \xy, positions,
\swaptoks@@=\toks29
\connectobjectbox@@=\box30
 objects,
\styletoks@=\toks30
 decorations;
kernel objects: directionals, circles, text; options; algorithms: directions,
edges, connections;  Xy-pic loaded)
(/usr/local/texlive/2013/texmf-dist/tex/generic/oberdiek/ifpdf.sty
Package: ifpdf 2011/01/30 v2.3 Provides the ifpdf switch (HO)
Package ifpdf Info: pdfTeX in PDF mode is detected.
)
Package: xy 2012/05/24 Xy-pic version 3.8.8

(/usr/local/texlive/2013/texmf-dist/tex/generic/xypic/xyall.tex
 Xy-pic option: All features v.3.8
(/usr/local/texlive/2013/texmf-dist/tex/generic/xypic/xycurve.tex
 Xy-pic option: Curve and Spline extension v.3.12 curve,
\crv@cnt@=\count216
\crvpts@=\toks31
\splinebox@=\box31
\splineval@=\dimen140
\splinedepth@=\dimen141
\splinetol@=\dimen142
\splinelength@=\dimen143
 circles,
\L@=\dimen144
 loaded)
(/usr/local/texlive/2013/texmf-dist/tex/generic/xypic/xyframe.tex
 Xy-pic option: Frame and Bracket extension v.3.14 loaded)
(/usr/local/texlive/2013/texmf-dist/tex/generic/xypic/xycmtip.tex
 Xy-pic option: Computer Modern tip extension v.3.7
(/usr/local/texlive/2013/texmf-dist/tex/generic/xypic/xytips.tex
 Xy-pic option: More Tips extension v.3.9 loaded) loaded)
(/usr/local/texlive/2013/texmf-dist/tex/generic/xypic/xyline.tex
 Xy-pic option: Line styles extension v.3.10
\xylinethick@=\dimen145
 loaded)
(/usr/local/texlive/2013/texmf-dist/tex/generic/xypic/xyrotate.tex
 Xy-pic option: Rotate and Scale extension v.3.8 loaded)
(/usr/local/texlive/2013/texmf-dist/tex/generic/xypic/xycolor.tex
 Xy-pic option: Colour extension v.3.11 loaded)
(/usr/local/texlive/2013/texmf-dist/tex/generic/xypic/xymatrix.tex
 Xy-pic option: Matrix feature v.3.14
\Row=\count217
\Col=\count218
\queue@=\toks32
\queue@@=\toks33
\qcount@=\count219
\qcount@@=\count220
\matrixsize@=\count221
 loaded)
(/usr/local/texlive/2013/texmf-dist/tex/generic/xypic/xyarrow.tex
 Xy-pic option: Arrow and Path feature v.3.9 path, \ar, loaded)
(/usr/local/texlive/2013/texmf-dist/tex/generic/xypic/xygraph.tex
 Xy-pic option: Graph feature v.3.11 loaded) loaded)
(/usr/local/texlive/2013/texmf-dist/tex/generic/xypic/xypdf.tex
 Xy-pic option: PDF driver v.1.7 Xy-pic pdf driver: `color' extension support
(/usr/local/texlive/2013/texmf-dist/tex/generic/xypic/xypdf-co.tex loaded)
Xy-pic pdf driver: `curve' extension support
(/usr/local/texlive/2013/texmf-dist/tex/generic/xypic/xypdf-cu.tex loaded)
Xy-pic pdf driver: `frame' extension support
(/usr/local/texlive/2013/texmf-dist/tex/generic/xypic/xypdf-fr.tex loaded)
Xy-pic pdf driver: `line' extension support
(/usr/local/texlive/2013/texmf-dist/tex/generic/xypic/xypdf-li.tex loaded)
Xy-pic pdf driver: `rotate' extension support
(/usr/local/texlive/2013/texmf-dist/tex/generic/xypic/xypdf-ro.tex loaded)
loaded)) (/usr/local/texlive/2013/texmf-dist/tex/latex/jknapltx/mathrsfs.sty
Package: mathrsfs 1996/01/01 Math RSFS package v1.0 (jk)
\symrsfs=\mathgroup6
)
(/usr/local/texlive/2013/texmf-dist/tex/latex/graphics/graphicx.sty
Package: graphicx 1999/02/16 v1.0f Enhanced LaTeX Graphics (DPC,SPQR)

(/usr/local/texlive/2013/texmf-dist/tex/latex/graphics/graphics.sty
Package: graphics 2009/02/05 v1.0o Standard LaTeX Graphics (DPC,SPQR)

(/usr/local/texlive/2013/texmf-dist/tex/latex/graphics/trig.sty
Package: trig 1999/03/16 v1.09 sin cos tan (DPC)
)
(/usr/local/texlive/2013/texmf-dist/tex/latex/latexconfig/graphics.cfg
File: graphics.cfg 2010/04/23 v1.9 graphics configuration of TeX Live
)
Package graphics Info: Driver file: pdftex.def on input line 91.

(/usr/local/texlive/2013/texmf-dist/tex/latex/pdftex-def/pdftex.def
File: pdftex.def 2011/05/27 v0.06d Graphics/color for pdfTeX

(/usr/local/texlive/2013/texmf-dist/tex/generic/oberdiek/infwarerr.sty
Package: infwarerr 2010/04/08 v1.3 Providing info/warning/error messages (HO)
)
(/usr/local/texlive/2013/texmf-dist/tex/generic/oberdiek/ltxcmds.sty
Package: ltxcmds 2011/11/09 v1.22 LaTeX kernel commands for general use (HO)
)
\Gread@gobject=\count222
))
\Gin@req@height=\dimen146
\Gin@req@width=\dimen147
)
(/usr/local/texlive/2013/texmf-dist/tex/latex/tools/verbatim.sty
Package: verbatim 2003/08/22 v1.5q LaTeX2e package for verbatim enhancements
\every@verbatim=\toks34
\verbatim@line=\toks35
\verbatim@in@stream=\read3
)
(/usr/local/texlive/2013/texmf-dist/tex/latex/pgf/frontendlayer/tikz.sty
(/usr/local/texlive/2013/texmf-dist/tex/latex/pgf/basiclayer/pgf.sty
(/usr/local/texlive/2013/texmf-dist/tex/latex/pgf/utilities/pgfrcs.sty
(/usr/local/texlive/2013/texmf-dist/tex/generic/pgf/utilities/pgfutil-common.te
x
\pgfutil@everybye=\toks36
)
(/usr/local/texlive/2013/texmf-dist/tex/generic/pgf/utilities/pgfutil-latex.def
\pgfutil@abb=\box32
(/usr/local/texlive/2013/texmf-dist/tex/latex/ms/everyshi.sty
Package: everyshi 2001/05/15 v3.00 EveryShipout Package (MS)
))
(/usr/local/texlive/2013/texmf-dist/tex/generic/pgf/utilities/pgfrcs.code.tex
Package: pgfrcs 2010/10/25 v2.10 (rcs-revision 1.24)
))
Package: pgf 2008/01/15 v2.10 (rcs-revision 1.12)
(/usr/local/texlive/2013/texmf-dist/tex/latex/pgf/basiclayer/pgfcore.sty
(/usr/local/texlive/2013/texmf-dist/tex/latex/pgf/systemlayer/pgfsys.sty
(/usr/local/texlive/2013/texmf-dist/tex/generic/pgf/systemlayer/pgfsys.code.tex
Package: pgfsys 2010/06/30 v2.10 (rcs-revision 1.37)
(/usr/local/texlive/2013/texmf-dist/tex/generic/pgf/utilities/pgfkeys.code.tex
\pgfkeys@pathtoks=\toks37
\pgfkeys@temptoks=\toks38

(/usr/local/texlive/2013/texmf-dist/tex/generic/pgf/utilities/pgfkeysfiltered.c
ode.tex
\pgfkeys@tmptoks=\toks39
))
\pgf@x=\dimen148
\pgf@y=\dimen149
\pgf@xa=\dimen150
\pgf@ya=\dimen151
\pgf@xb=\dimen152
\pgf@yb=\dimen153
\pgf@xc=\dimen154
\pgf@yc=\dimen155
\w@pgf@writea=\write5
\r@pgf@reada=\read4
\c@pgf@counta=\count223
\c@pgf@countb=\count224
\c@pgf@countc=\count225
\c@pgf@countd=\count226

(/usr/local/texlive/2013/texmf-dist/tex/generic/pgf/systemlayer/pgf.cfg
File: pgf.cfg 2008/05/14  (rcs-revision 1.7)
)
Package pgfsys Info: Driver file for pgf: pgfsys-pdftex.def on input line 900.

(/usr/local/texlive/2013/texmf-dist/tex/generic/pgf/systemlayer/pgfsys-pdftex.d
ef
File: pgfsys-pdftex.def 2009/05/22  (rcs-revision 1.26)

(/usr/local/texlive/2013/texmf-dist/tex/generic/pgf/systemlayer/pgfsys-common-p
df.def
File: pgfsys-common-pdf.def 2008/05/19  (rcs-revision 1.10)
)))
(/usr/local/texlive/2013/texmf-dist/tex/generic/pgf/systemlayer/pgfsyssoftpath.
code.tex
File: pgfsyssoftpath.code.tex 2008/07/18  (rcs-revision 1.7)
\pgfsyssoftpath@smallbuffer@items=\count227
\pgfsyssoftpath@bigbuffer@items=\count228
)
(/usr/local/texlive/2013/texmf-dist/tex/generic/pgf/systemlayer/pgfsysprotocol.
code.tex
File: pgfsysprotocol.code.tex 2006/10/16  (rcs-revision 1.4)
)) (/usr/local/texlive/2013/texmf-dist/tex/latex/xcolor/xcolor.sty
Package: xcolor 2007/01/21 v2.11 LaTeX color extensions (UK)

(/usr/local/texlive/2013/texmf-dist/tex/latex/latexconfig/color.cfg
File: color.cfg 2007/01/18 v1.5 color configuration of teTeX/TeXLive
)
Package xcolor Info: Driver file: pdftex.def on input line 225.
Package xcolor Info: Model `cmy' substituted by `cmy0' on input line 1337.
Package xcolor Info: Model `hsb' substituted by `rgb' on input line 1341.
Package xcolor Info: Model `RGB' extended on input line 1353.
Package xcolor Info: Model `HTML' substituted by `rgb' on input line 1355.
Package xcolor Info: Model `Hsb' substituted by `hsb' on input line 1356.
Package xcolor Info: Model `tHsb' substituted by `hsb' on input line 1357.
Package xcolor Info: Model `HSB' substituted by `hsb' on input line 1358.
Package xcolor Info: Model `Gray' substituted by `gray' on input line 1359.
Package xcolor Info: Model `wave' substituted by `hsb' on input line 1360.
)
(/usr/local/texlive/2013/texmf-dist/tex/generic/pgf/basiclayer/pgfcore.code.tex
Package: pgfcore 2010/04/11 v2.10 (rcs-revision 1.7)
(/usr/local/texlive/2013/texmf-dist/tex/generic/pgf/math/pgfmath.code.tex
(/usr/local/texlive/2013/texmf-dist/tex/generic/pgf/math/pgfmathcalc.code.tex
(/usr/local/texlive/2013/texmf-dist/tex/generic/pgf/math/pgfmathutil.code.tex)
(/usr/local/texlive/2013/texmf-dist/tex/generic/pgf/math/pgfmathparser.code.tex
\pgfmath@dimen=\dimen156
\pgfmath@count=\count229
\pgfmath@box=\box33
\pgfmath@toks=\toks40
\pgfmath@stack@operand=\toks41
\pgfmath@stack@operation=\toks42
)
(/usr/local/texlive/2013/texmf-dist/tex/generic/pgf/math/pgfmathfunctions.code.
tex
(/usr/local/texlive/2013/texmf-dist/tex/generic/pgf/math/pgfmathfunctions.basic
.code.tex)
(/usr/local/texlive/2013/texmf-dist/tex/generic/pgf/math/pgfmathfunctions.trigo
nometric.code.tex)
(/usr/local/texlive/2013/texmf-dist/tex/generic/pgf/math/pgfmathfunctions.rando
m.code.tex)
(/usr/local/texlive/2013/texmf-dist/tex/generic/pgf/math/pgfmathfunctions.compa
rison.code.tex)
(/usr/local/texlive/2013/texmf-dist/tex/generic/pgf/math/pgfmathfunctions.base.
code.tex)
(/usr/local/texlive/2013/texmf-dist/tex/generic/pgf/math/pgfmathfunctions.round
.code.tex)
(/usr/local/texlive/2013/texmf-dist/tex/generic/pgf/math/pgfmathfunctions.misc.
code.tex)))
(/usr/local/texlive/2013/texmf-dist/tex/generic/pgf/math/pgfmathfloat.code.tex
\c@pgfmathroundto@lastzeros=\count230
))
(/usr/local/texlive/2013/texmf-dist/tex/generic/pgf/basiclayer/pgfcorepoints.co
de.tex
File: pgfcorepoints.code.tex 2010/04/09  (rcs-revision 1.20)
\pgf@picminx=\dimen157
\pgf@picmaxx=\dimen158
\pgf@picminy=\dimen159
\pgf@picmaxy=\dimen160
\pgf@pathminx=\dimen161
\pgf@pathmaxx=\dimen162
\pgf@pathminy=\dimen163
\pgf@pathmaxy=\dimen164
\pgf@xx=\dimen165
\pgf@xy=\dimen166
\pgf@yx=\dimen167
\pgf@yy=\dimen168
\pgf@zx=\dimen169
\pgf@zy=\dimen170
)
(/usr/local/texlive/2013/texmf-dist/tex/generic/pgf/basiclayer/pgfcorepathconst
ruct.code.tex
File: pgfcorepathconstruct.code.tex 2010/08/03  (rcs-revision 1.24)
\pgf@path@lastx=\dimen171
\pgf@path@lasty=\dimen172
)
(/usr/local/texlive/2013/texmf-dist/tex/generic/pgf/basiclayer/pgfcorepathusage
.code.tex
File: pgfcorepathusage.code.tex 2008/04/22  (rcs-revision 1.12)
\pgf@shorten@end@additional=\dimen173
\pgf@shorten@start@additional=\dimen174
)
(/usr/local/texlive/2013/texmf-dist/tex/generic/pgf/basiclayer/pgfcorescopes.co
de.tex
File: pgfcorescopes.code.tex 2010/09/08  (rcs-revision 1.34)
\pgfpic=\box34
\pgf@hbox=\box35
\pgf@layerbox@main=\box36
\pgf@picture@serial@count=\count231
)
(/usr/local/texlive/2013/texmf-dist/tex/generic/pgf/basiclayer/pgfcoregraphicst
ate.code.tex
File: pgfcoregraphicstate.code.tex 2008/04/22  (rcs-revision 1.9)
\pgflinewidth=\dimen175
)
(/usr/local/texlive/2013/texmf-dist/tex/generic/pgf/basiclayer/pgfcoretransform
ations.code.tex
File: pgfcoretransformations.code.tex 2009/06/10  (rcs-revision 1.11)
\pgf@pt@x=\dimen176
\pgf@pt@y=\dimen177
\pgf@pt@temp=\dimen178
)
(/usr/local/texlive/2013/texmf-dist/tex/generic/pgf/basiclayer/pgfcorequick.cod
e.tex
File: pgfcorequick.code.tex 2008/10/09  (rcs-revision 1.3)
)
(/usr/local/texlive/2013/texmf-dist/tex/generic/pgf/basiclayer/pgfcoreobjects.c
ode.tex
File: pgfcoreobjects.code.tex 2006/10/11  (rcs-revision 1.2)
)
(/usr/local/texlive/2013/texmf-dist/tex/generic/pgf/basiclayer/pgfcorepathproce
ssing.code.tex
File: pgfcorepathprocessing.code.tex 2008/10/09  (rcs-revision 1.8)
)
(/usr/local/texlive/2013/texmf-dist/tex/generic/pgf/basiclayer/pgfcorearrows.co
de.tex
File: pgfcorearrows.code.tex 2008/04/23  (rcs-revision 1.11)
)
(/usr/local/texlive/2013/texmf-dist/tex/generic/pgf/basiclayer/pgfcoreshade.cod
e.tex
File: pgfcoreshade.code.tex 2008/11/23  (rcs-revision 1.13)
\pgf@max=\dimen179
\pgf@sys@shading@range@num=\count232
)
(/usr/local/texlive/2013/texmf-dist/tex/generic/pgf/basiclayer/pgfcoreimage.cod
e.tex
File: pgfcoreimage.code.tex 2010/03/25  (rcs-revision 1.16)

(/usr/local/texlive/2013/texmf-dist/tex/generic/pgf/basiclayer/pgfcoreexternal.
code.tex
File: pgfcoreexternal.code.tex 2010/09/01  (rcs-revision 1.17)
\pgfexternal@startupbox=\box37
))
(/usr/local/texlive/2013/texmf-dist/tex/generic/pgf/basiclayer/pgfcorelayers.co
de.tex
File: pgfcorelayers.code.tex 2010/08/27  (rcs-revision 1.2)
)
(/usr/local/texlive/2013/texmf-dist/tex/generic/pgf/basiclayer/pgfcoretranspare
ncy.code.tex
File: pgfcoretransparency.code.tex 2008/01/17  (rcs-revision 1.2)
)
(/usr/local/texlive/2013/texmf-dist/tex/generic/pgf/basiclayer/pgfcorepatterns.
code.tex
File: pgfcorepatterns.code.tex 2009/07/02  (rcs-revision 1.3)
)))
(/usr/local/texlive/2013/texmf-dist/tex/generic/pgf/modules/pgfmoduleshapes.cod
e.tex
File: pgfmoduleshapes.code.tex 2010/09/09  (rcs-revision 1.13)
\pgfnodeparttextbox=\box38
)
(/usr/local/texlive/2013/texmf-dist/tex/generic/pgf/modules/pgfmoduleplot.code.
tex
File: pgfmoduleplot.code.tex 2010/10/22  (rcs-revision 1.8)
)
(/usr/local/texlive/2013/texmf-dist/tex/latex/pgf/compatibility/pgfcomp-version
-0-65.sty
Package: pgfcomp-version-0-65 2007/07/03 v2.10 (rcs-revision 1.7)
\pgf@nodesepstart=\dimen180
\pgf@nodesepend=\dimen181
)
(/usr/local/texlive/2013/texmf-dist/tex/latex/pgf/compatibility/pgfcomp-version
-1-18.sty
Package: pgfcomp-version-1-18 2007/07/23 v2.10 (rcs-revision 1.1)
))
(/usr/local/texlive/2013/texmf-dist/tex/latex/pgf/utilities/pgffor.sty
(/usr/local/texlive/2013/texmf-dist/tex/latex/pgf/utilities/pgfkeys.sty
(/usr/local/texlive/2013/texmf-dist/tex/generic/pgf/utilities/pgfkeys.code.tex)
) (/usr/local/texlive/2013/texmf-dist/tex/generic/pgf/utilities/pgffor.code.tex
Package: pgffor 2010/03/23 v2.10 (rcs-revision 1.18)
\pgffor@iter=\dimen182
\pgffor@skip=\dimen183
\pgffor@stack=\toks43
\pgffor@toks=\toks44
))
(/usr/local/texlive/2013/texmf-dist/tex/generic/pgf/frontendlayer/tikz/tikz.cod
e.tex
Package: tikz 2010/10/13 v2.10 (rcs-revision 1.76)

(/usr/local/texlive/2013/texmf-dist/tex/generic/pgf/libraries/pgflibraryplothan
dlers.code.tex
File: pgflibraryplothandlers.code.tex 2010/05/31 v2.10 (rcs-revision 1.15)
\pgf@plot@mark@count=\count233
\pgfplotmarksize=\dimen184
)
\tikz@lastx=\dimen185
\tikz@lasty=\dimen186
\tikz@lastxsaved=\dimen187
\tikz@lastysaved=\dimen188
\tikzleveldistance=\dimen189
\tikzsiblingdistance=\dimen190
\tikz@figbox=\box39
\tikz@tempbox=\box40
Normal \count register pool exhausted, switching to extended pool.
\tikztreelevel=\count277
\tikznumberofchildren=\count278
\tikznumberofcurrentchild=\count279
\tikz@fig@count=\count280

(/usr/local/texlive/2013/texmf-dist/tex/generic/pgf/modules/pgfmodulematrix.cod
e.tex
File: pgfmodulematrix.code.tex 2010/08/24  (rcs-revision 1.4)
\pgfmatrixcurrentrow=\count281
\pgfmatrixcurrentcolumn=\count282
\pgf@matrix@numberofcolumns=\count283
)
\tikz@expandcount=\count284

(/usr/local/texlive/2013/texmf-dist/tex/generic/pgf/frontendlayer/tikz/librarie
s/tikzlibrarytopaths.code.tex
File: tikzlibrarytopaths.code.tex 2008/06/17 v2.10 (rcs-revision 1.2)
)))
\c@theorem=\count285
Package biblatex Info: Trying to load language 'english'...
Package biblatex Info: ... file 'english.lbx' found.

(/usr/local/texlive/2013/texmf-dist/tex/latex/biblatex/lbx/english.lbx
File: english.lbx 2013/05/01 v2.6 biblatex localization (PK/JW/AB)
)
\@quotelevel=\count286
\@quotereset=\count287

(./SigClust28Sept15.aux)
\openout1 = `SigClust28Sept15.aux'.

LaTeX Font Info:    Checking defaults for OML/cmm/m/it on input line 33.
LaTeX Font Info:    ... okay on input line 33.
LaTeX Font Info:    Checking defaults for T1/cmr/m/n on input line 33.
LaTeX Font Info:    ... okay on input line 33.
LaTeX Font Info:    Checking defaults for OT1/cmr/m/n on input line 33.
LaTeX Font Info:    ... okay on input line 33.
LaTeX Font Info:    Checking defaults for OMS/cmsy/m/n on input line 33.
LaTeX Font Info:    ... okay on input line 33.
LaTeX Font Info:    Checking defaults for OMX/cmex/m/n on input line 33.
LaTeX Font Info:    ... okay on input line 33.
LaTeX Font Info:    Checking defaults for U/cmr/m/n on input line 33.
LaTeX Font Info:    ... okay on input line 33.
Package biblatex Info: No input encoding detected.
(biblatex)             Assuming 'ascii'.
Package biblatex Info: Automatic encoding selection.
(biblatex)             Assuming data encoding 'ascii'.
\openout3 = `SigClust28Sept15-blx.bib'.

Package biblatex Info: Trying to load bibliographic data...
Package biblatex Info: ... file 'SigClust28Sept15.bbl' not found.

No file SigClust28Sept15.bbl.
Package biblatex Info: Reference section=0 on input line 33.
Package biblatex Info: Reference segment=0 on input line 33.
LaTeX Font Info:    Try loading font information for U+msa on input line 33.
(/usr/local/texlive/2013/texmf-dist/tex/latex/amsfonts/umsa.fd
File: umsa.fd 2013/01/14 v3.01 AMS symbols A
)
LaTeX Font Info:    Try loading font information for U+msb on input line 33.

(/usr/local/texlive/2013/texmf-dist/tex/latex/amsfonts/umsb.fd
File: umsb.fd 2013/01/14 v3.01 AMS symbols B
)
LaTeX Font Info:    Try loading font information for U+rsfs on input line 33.

(/usr/local/texlive/2013/texmf-dist/tex/latex/jknapltx/ursfs.fd
File: ursfs.fd 1998/03/24 rsfs font definition file (jk)
)
Package xypdf Info: Line width: 0.39998pt on input line 33.

(/usr/local/texlive/2013/texmf-dist/tex/context/base/supp-pdf.mkii
[Loading MPS to PDF converter (version 2006.09.02).]
\scratchcounter=\count288
\scratchdimen=\dimen191
\scratchbox=\box41
\nofMPsegments=\count289
\nofMParguments=\count290
\everyMPshowfont=\toks45
\MPscratchCnt=\count291
\MPscratchDim=\dimen192
\MPnumerator=\count292
\makeMPintoPDFobject=\count293
\everyMPtoPDFconversion=\toks46
) (/usr/local/texlive/2013/texmf-dist/tex/generic/oberdiek/pdftexcmds.sty
Package: pdftexcmds 2011/11/29 v0.20 Utility functions of pdfTeX for LuaTeX (HO
)

(/usr/local/texlive/2013/texmf-dist/tex/generic/oberdiek/ifluatex.sty
Package: ifluatex 2010/03/01 v1.3 Provides the ifluatex switch (HO)
Package ifluatex Info: LuaTeX not detected.
)
Package pdftexcmds Info: LuaTeX not detected.
Package pdftexcmds Info: \pdf@primitive is available.
Package pdftexcmds Info: \pdf@ifprimitive is available.
Package pdftexcmds Info: \pdfdraftmode found.
)
(/usr/local/texlive/2013/texmf-dist/tex/latex/oberdiek/epstopdf-base.sty
Package: epstopdf-base 2010/02/09 v2.5 Base part for package epstopdf

(/usr/local/texlive/2013/texmf-dist/tex/latex/oberdiek/grfext.sty
Package: grfext 2010/08/19 v1.1 Manage graphics extensions (HO)

(/usr/local/texlive/2013/texmf-dist/tex/generic/oberdiek/kvdefinekeys.sty
Package: kvdefinekeys 2011/04/07 v1.3 Define keys (HO)
))
(/usr/local/texlive/2013/texmf-dist/tex/latex/oberdiek/kvoptions.sty
Package: kvoptions 2011/06/30 v3.11 Key value format for package options (HO)

(/usr/local/texlive/2013/texmf-dist/tex/generic/oberdiek/kvsetkeys.sty
Package: kvsetkeys 2012/04/25 v1.16 Key value parser (HO)

(/usr/local/texlive/2013/texmf-dist/tex/generic/oberdiek/etexcmds.sty
Package: etexcmds 2011/02/16 v1.5 Avoid name clashes with e-TeX commands (HO)
Package etexcmds Info: Could not find \expanded.
(etexcmds)             That can mean that you are not using pdfTeX 1.50 or
(etexcmds)             that some package has redefined \expanded.
(etexcmds)             In the latter case, load this package earlier.
)))
Package grfext Info: Graphics extension search list:
(grfext)             [.png,.pdf,.jpg,.mps,.jpeg,.jbig2,.jb2,.PNG,.PDF,.JPG,.JPE
G,.JBIG2,.JB2,.eps]
(grfext)             \AppendGraphicsExtensions on input line 452.

(/usr/local/texlive/2013/texmf-dist/tex/latex/latexconfig/epstopdf-sys.cfg
File: epstopdf-sys.cfg 2010/07/13 v1.3 Configuration of (r)epstopdf for TeX Liv
e
))
ABD: EveryShipout initializing macros
Underfull \hbox (badness 10000) in paragraph at lines 39--41

 []


Underfull \hbox (badness 10000) in paragraph at lines 42--43

 []

[1

{/usr/local/texlive/2013/texmf-var/fonts/map/pdftex/updmap/pdftex.map}]
[2]
Overfull \hbox (49.29901pt too wide) detected at line 96
\OMS/cmsy/m/n/10 k\OML/cmm/m/it/10 Y[] \OMS/cmsy/m/n/10 ^^@ []k \OT1/cmr/m/n/10
 = \OMS/cmsy/m/n/10 k\OT1/cmr/m/n/10 (\OML/cmm/m/it/10 X[] \OMS/cmsy/m/n/10 ^^@
 []\OT1/cmr/m/n/10 )\OML/cmm/m/it/10 M\OMS/cmsy/m/n/10 k \OT1/cmr/m/n/10 = \OMS
/cmsy/m/n/10 k\OT1/cmr/m/n/10 ((\OML/cmm/m/it/10 X[] \OMS/cmsy/m/n/10 ^^@ []\OT
1/cmr/m/n/10 )\OML/cmm/m/it/10 M\OT1/cmr/m/n/10 )[]\OMS/cmsy/m/n/10 k \OT1/cmr/
m/n/10 = \OMS/cmsy/m/n/10 j\OML/cmm/m/it/10 M[]\OT1/cmr/m/n/10 (\OML/cmm/m/it/1
0 X[] \OMS/cmsy/m/n/10 ^^@ []\OT1/cmr/m/n/10 )[]\OMS/cmsy/m/n/10 k \OT1/cmr/m/n
/10 = \OMS/cmsy/m/n/10 k\OT1/cmr/m/n/10 (\OML/cmm/m/it/10 X[] \OMS/cmsy/m/n/10 
^^@ []\OT1/cmr/m/n/10 )[]\OMS/cmsy/m/n/10 k \OT1/cmr/m/n/10 = \OMS/cmsy/m/n/10 
k\OML/cmm/m/it/10 X[] \OMS/cmsy/m/n/10 ^^@ []k
 []

[3] [4]
Overfull \hbox (1.19792pt too wide) in paragraph at lines 173--175
\OT1/cmr/m/n/10 Repeat the pre-vi-ous two steps $\OML/cmm/m/it/10 N[]$ \OT1/cmr
/m/n/10 times for some large $\OML/cmm/m/it/10 N[]$\OT1/cmr/m/n/10 . Let $\OML/
cmm/m/it/10 S \OT1/cmr/m/n/10 := \OMS/cmsy/m/n/10 f\OML/cmm/m/it/10 z[]\OMS/cms
y/m/n/10 g[]\OML/cmm/m/it/10 :$ 
 []


Underfull \hbox (badness 10000) in paragraph at lines 173--175

 []

[5] (./SigClust28Sept15.aux)
Package logreq Info: Writing requests to 'SigClust28Sept15.run.xml'.
\openout1 = `SigClust28Sept15.run.xml'.

 ) 
Here is how much of TeX's memory you used:
 18142 strings out of 493315
 313409 string characters out of 6137904
 503420 words of memory out of 5000000
 21227 multiletter control sequences out of 15000+600000
 14615 words of font info for 62 fonts, out of 8000000 for 9000
 958 hyphenation exceptions out of 8191
 56i,8n,55p,3248b,656s stack positions out of 5000i,500n,10000p,200000b,80000s
</usr/local/texlive/2013/texmf-dist/fonts/type1/public/amsfonts/cm/cmbx10.pfb
></usr/local/texlive/2013/texmf-dist/fonts/type1/public/amsfonts/cm/cmbx12.pfb>
</usr/local/texlive/2013/texmf-dist/fonts/type1/public/amsfonts/cm/cmex10.pfb><
/usr/local/texlive/2013/texmf-dist/fonts/type1/public/amsfonts/cm/cmmi10.pfb></
usr/local/texlive/2013/texmf-dist/fonts/type1/public/amsfonts/cm/cmmi12.pfb></u
sr/local/texlive/2013/texmf-dist/fonts/type1/public/amsfonts/cm/cmmi5.pfb></usr
/local/texlive/2013/texmf-dist/fonts/type1/public/amsfonts/cm/cmmi7.pfb></usr/l
ocal/texlive/2013/texmf-dist/fonts/type1/public/amsfonts/cm/cmmi8.pfb></usr/loc
al/texlive/2013/texmf-dist/fonts/type1/public/amsfonts/cm/cmr10.pfb></usr/local
/texlive/2013/texmf-dist/fonts/type1/public/amsfonts/cm/cmr12.pfb></usr/local/t
exlive/2013/texmf-dist/fonts/type1/public/amsfonts/cm/cmr17.pfb></usr/local/tex
live/2013/texmf-dist/fonts/type1/public/amsfonts/cm/cmr5.pfb></usr/local/texliv
e/2013/texmf-dist/fonts/type1/public/amsfonts/cm/cmr6.pfb></usr/local/texlive/2
013/texmf-dist/fonts/type1/public/amsfonts/cm/cmr7.pfb></usr/local/texlive/2013
/texmf-dist/fonts/type1/public/amsfonts/cm/cmr8.pfb></usr/local/texlive/2013/te
xmf-dist/fonts/type1/public/amsfonts/cm/cmsy10.pfb></usr/local/texlive/2013/tex
mf-dist/fonts/type1/public/amsfonts/cm/cmsy7.pfb></usr/local/texlive/2013/texmf
-dist/fonts/type1/public/amsfonts/cm/cmti10.pfb></usr/local/texlive/2013/texmf-
dist/fonts/type1/public/amsfonts/cm/cmti8.pfb></usr/local/texlive/2013/texmf-di
st/fonts/type1/public/amsfonts/symbols/msbm10.pfb></usr/local/texlive/2013/texm
f-dist/fonts/type1/public/rsfs/rsfs10.pfb>
Output written on SigClust28Sept15.pdf (5 pages, 229266 bytes).
PDF statistics:
 107 PDF objects out of 1000 (max. 8388607)
 78 compressed objects within 1 object stream
 0 named destinations out of 1000 (max. 500000)
 13 words of extra memory for PDF output out of 10000 (max. 10000000)

